[0513/211549.318:ERROR:process_info.cc(359)] UncheckedAllocate
[0513/211549.317:ERROR:process_info.cc(359)] UncheckedAllocate
[0513/212647.625:ERROR:process_info.cc(359)] UncheckedAllocate
[0516/163420.370:ERROR:process_memory_win.cc(73)] ReadMemory at 0x1cf42c807f0 of 72 bytes failed: Only part of a ReadProcessMemory or WriteProcessMemory request was completed. (0x12B)
[0516/163420.371:WARNING:pe_image_annotations_reader.cc(134)] could not read annotations list object in C:\Program Files (x86)\Google\Chrome\Application\81.0.4044.138\chrome_elf.dll
[0516/163420.371:ERROR:process_memory_win.cc(73)] ReadMemory at 0x1cf42bb0000 of 64 bytes failed: Only part of a ReadProcessMemory or WriteProcessMemory request was completed. (0x12B)
[0516/163420.371:WARNING:pe_image_reader.cc(340)] could not read dos header from C:\Windows\System32\ADVAPI32.dll
[0516/163420.371:ERROR:process_memory_win.cc(73)] ReadMemory at 0x1cf432165e0 of 72 bytes failed: Only part of a ReadProcessMemory or WriteProcessMemory request was completed. (0x12B)
[0516/163420.371:WARNING:pe_image_annotations_reader.cc(134)] could not read annotations list object in C:\Program Files (x86)\Google\Chrome\Application\81.0.4044.138\chrome.dll
[0516/163420.372:ERROR:process_memory_win.cc(73)] ReadMemory at 0x1cf43120000 of 64 bytes failed: Only part of a ReadProcessMemory or WriteProcessMemory request was completed. (0x12B)
[0516/163420.373:WARNING:pe_image_reader.cc(340)] could not read dos header from C:\Windows\System32\IMM32.DLL
[0516/163420.377:ERROR:process_memory_win.cc(73)] ReadMemory at 0x1cf42c807f0 of 72 bytes failed: Only part of a ReadProcessMemory or WriteProcessMemory request was completed. (0x12B)
[0516/163420.377:WARNING:pe_image_annotations_reader.cc(134)] could not read annotations list object in C:\Program Files (x86)\Google\Chrome\Application\81.0.4044.138\chrome_elf.dll
[0516/163420.377:ERROR:process_memory_win.cc(73)] ReadMemory at 0x1cf42bb0000 of 64 bytes failed: Only part of a ReadProcessMemory or WriteProcessMemory request was completed. (0x12B)
[0516/163420.377:WARNING:pe_image_reader.cc(340)] could not read dos header from C:\Windows\System32\ADVAPI32.dll
[0516/163420.377:ERROR:process_memory_win.cc(73)] ReadMemory at 0x1cf432165e0 of 72 bytes failed: Only part of a ReadProcessMemory or WriteProcessMemory request was completed. (0x12B)
[0516/163420.377:WARNING:pe_image_annotations_reader.cc(134)] could not read annotations list object in C:\Program Files (x86)\Google\Chrome\Application\81.0.4044.138\chrome.dll
[0516/163420.378:ERROR:process_memory_win.cc(73)] ReadMemory at 0x1cf43120000 of 64 bytes failed: Only part of a ReadProcessMemory or WriteProcessMemory request was completed. (0x12B)
[0516/163420.378:WARNING:pe_image_reader.cc(340)] could not read dos header from C:\Windows\System32\IMM32.DLL
[0516/163420.378:ERROR:process_memory_win.cc(73)] ReadMemory at 0x1cf42c807f0 of 72 bytes failed: Only part of a ReadProcessMemory or WriteProcessMemory request was completed. (0x12B)
[0516/163420.379:WARNING:pe_image_annotations_reader.cc(134)] could not read annotations list object in C:\Program Files (x86)\Google\Chrome\Application\81.0.4044.138\chrome_elf.dll
[0516/163420.379:ERROR:process_memory_win.cc(73)] ReadMemory at 0x1cf42bb0000 of 64 bytes failed: Only part of a ReadProcessMemory or WriteProcessMemory request was completed. (0x12B)
[0516/163420.379:WARNING:pe_image_reader.cc(340)] could not read dos header from C:\Windows\System32\ADVAPI32.dll
[0516/163420.379:ERROR:process_memory_win.cc(73)] ReadMemory at 0x1cf432165e0 of 72 bytes failed: Only part of a ReadProcessMemory or WriteProcessMemory request was completed. (0x12B)
[0516/163420.379:WARNING:pe_image_annotations_reader.cc(134)] could not read annotations list object in C:\Program Files (x86)\Google\Chrome\Application\81.0.4044.138\chrome.dll
[0516/163420.380:ERROR:process_memory_win.cc(73)] ReadMemory at 0x1cf43120000 of 64 bytes failed: Only part of a ReadProcessMemory or WriteProcessMemory request was completed. (0x12B)
[0516/163420.380:WARNING:pe_image_reader.cc(340)] could not read dos header from C:\Windows\System32\IMM32.DLL
[0516/163420.408:ERROR:process_memory_win.cc(73)] ReadMemory at 0x8b57e5000 of 110592 bytes failed: Only part of a ReadProcessMemory or WriteProcessMemory request was completed. (0x12B)
[0516/163420.408:ERROR:process_memory_win.cc(73)] ReadMemory at 0x8b5ffd000 of 12288 bytes failed: Only part of a ReadProcessMemory or WriteProcessMemory request was completed. (0x12B)
[0516/163420.408:ERROR:process_memory_win.cc(73)] ReadMemory at 0x8b67f8000 of 32768 bytes failed: Only part of a ReadProcessMemory or WriteProcessMemory request was completed. (0x12B)
[0516/163420.408:ERROR:process_memory_win.cc(73)] ReadMemory at 0x8b6ffc000 of 16384 bytes failed: Only part of a ReadProcessMemory or WriteProcessMemory request was completed. (0x12B)
[0516/163420.408:ERROR:process_memory_win.cc(73)] ReadMemory at 0x8b77fb000 of 20480 bytes failed: Only part of a ReadProcessMemory or WriteProcessMemory request was completed. (0x12B)
[0516/163420.409:ERROR:process_memory_win.cc(73)] ReadMemory at 0x8b7ffe000 of 8192 bytes failed: Only part of a ReadProcessMemory or WriteProcessMemory request was completed. (0x12B)
[0516/163420.409:ERROR:process_memory_win.cc(73)] ReadMemory at 0x8b87fd000 of 12288 bytes failed: Only part of a ReadProcessMemory or WriteProcessMemory request was completed. (0x12B)
[0516/163420.409:ERROR:process_memory_win.cc(73)] ReadMemory at 0x8b8ffb000 of 20480 bytes failed: Only part of a ReadProcessMemory or WriteProcessMemory request was completed. (0x12B)
[0516/163420.409:ERROR:process_memory_win.cc(73)] ReadMemory at 0x8b97fb000 of 20480 bytes failed: Only part of a ReadProcessMemory or WriteProcessMemory request was completed. (0x12B)
[0516/163420.409:ERROR:process_memory_win.cc(73)] ReadMemory at 0x8b9ff6000 of 40960 bytes failed: Only part of a ReadProcessMemory or WriteProcessMemory request was completed. (0x12B)
[0516/163420.409:ERROR:process_memory_win.cc(73)] ReadMemory at 0x8ba7f6000 of 40960 bytes failed: Only part of a ReadProcessMemory or WriteProcessMemory request was completed. (0x12B)
[0516/163420.409:ERROR:process_memory_win.cc(73)] ReadMemory at 0x8baffd000 of 12288 bytes failed: Only part of a ReadProcessMemory or WriteProcessMemory request was completed. (0x12B)
[0516/163420.409:ERROR:process_memory_win.cc(73)] ReadMemory at 0x8bb7fd000 of 12288 bytes failed: Only part of a ReadProcessMemory or WriteProcessMemory request was completed. (0x12B)
[0516/163420.410:ERROR:process_memory_win.cc(73)] ReadMemory at 0x8bbffc000 of 16384 bytes failed: Only part of a ReadProcessMemory or WriteProcessMemory request was completed. (0x12B)
[0516/163420.410:ERROR:process_memory_win.cc(73)] ReadMemory at 0x8bc7fc000 of 16384 bytes failed: Only part of a ReadProcessMemory or WriteProcessMemory request was completed. (0x12B)
[0516/163420.410:ERROR:process_memory_win.cc(73)] ReadMemory at 0x8bcff9000 of 28672 bytes failed: Only part of a ReadProcessMemory or WriteProcessMemory request was completed. (0x12B)
[0516/163420.410:ERROR:process_memory_win.cc(73)] ReadMemory at 0x8bd7f9000 of 28672 bytes failed: Only part of a ReadProcessMemory or WriteProcessMemory request was completed. (0x12B)
[0516/163420.410:ERROR:process_memory_win.cc(73)] ReadMemory at 0x8bdffc000 of 16384 bytes failed: Only part of a ReadProcessMemory or WriteProcessMemory request was completed. (0x12B)
[0516/163420.410:ERROR:process_memory_win.cc(73)] ReadMemory at 0x8be7fc000 of 16384 bytes failed: Only part of a ReadProcessMemory or WriteProcessMemory request was completed. (0x12B)
[0516/163420.410:ERROR:process_memory_win.cc(73)] ReadMemory at 0x8b4f1c000 of 852 bytes failed: Only part of a ReadProcessMemory or WriteProcessMemory request was completed. (0x12B)
[0516/163420.410:ERROR:process_memory_win.cc(73)] ReadMemory at 0x8b4f1d000 of 6024 bytes failed: Only part of a ReadProcessMemory or WriteProcessMemory request was completed. (0x12B)
[0516/163420.410:ERROR:process_memory_win.cc(73)] ReadMemory at 0x8b4f1f000 of 6024 bytes failed: Only part of a ReadProcessMemory or WriteProcessMemory request was completed. (0x12B)
[0516/163420.411:ERROR:process_memory_win.cc(73)] ReadMemory at 0x8b4f21000 of 6024 bytes failed: Only part of a ReadProcessMemory or WriteProcessMemory request was completed. (0x12B)
[0516/163420.411:ERROR:process_memory_win.cc(73)] ReadMemory at 0x8b4f23000 of 6024 bytes failed: Only part of a ReadProcessMemory or WriteProcessMemory request was completed. (0x12B)
[0516/163420.411:ERROR:process_memory_win.cc(73)] ReadMemory at 0x8b4f25000 of 6024 bytes failed: Only part of a ReadProcessMemory or WriteProcessMemory request was completed. (0x12B)
[0516/163420.411:ERROR:process_memory_win.cc(73)] ReadMemory at 0x8b4f27000 of 6024 bytes failed: Only part of a ReadProcessMemory or WriteProcessMemory request was completed. (0x12B)
[0516/163420.411:ERROR:process_memory_win.cc(73)] ReadMemory at 0x8b4f29000 of 6024 bytes failed: Only part of a ReadProcessMemory or WriteProcessMemory request was completed. (0x12B)
[0516/163420.411:ERROR:process_memory_win.cc(73)] ReadMemory at 0x8b4f2b000 of 6024 bytes failed: Only part of a ReadProcessMemory or WriteProcessMemory request was completed. (0x12B)
[0516/163420.411:ERROR:process_memory_win.cc(73)] ReadMemory at 0x8b4f2d000 of 6024 bytes failed: Only part of a ReadProcessMemory or WriteProcessMemory request was completed. (0x12B)
[0516/163420.411:ERROR:process_memory_win.cc(73)] ReadMemory at 0x8b4f2f000 of 6024 bytes failed: Only part of a ReadProcessMemory or WriteProcessMemory request was completed. (0x12B)
[0516/163420.411:ERROR:process_memory_win.cc(73)] ReadMemory at 0x8b4f31000 of 6024 bytes failed: Only part of a ReadProcessMemory or WriteProcessMemory request was completed. (0x12B)
[0516/163420.411:ERROR:process_memory_win.cc(73)] ReadMemory at 0x8b4f33000 of 6024 bytes failed: Only part of a ReadProcessMemory or WriteProcessMemory request was completed. (0x12B)
[0516/163420.412:ERROR:process_memory_win.cc(73)] ReadMemory at 0x8b4f35000 of 6024 bytes failed: Only part of a ReadProcessMemory or WriteProcessMemory request was completed. (0x12B)
[0516/163420.412:ERROR:process_memory_win.cc(73)] ReadMemory at 0x8b4f37000 of 6024 bytes failed: Only part of a ReadProcessMemory or WriteProcessMemory request was completed. (0x12B)
[0516/163420.412:ERROR:process_memory_win.cc(73)] ReadMemory at 0x8b4f39000 of 6024 bytes failed: Only part of a ReadProcessMemory or WriteProcessMemory request was completed. (0x12B)
[0516/163420.412:ERROR:process_memory_win.cc(73)] ReadMemory at 0x8b4f3b000 of 6024 bytes failed: Only part of a ReadProcessMemory or WriteProcessMemory request was completed. (0x12B)
[0516/163420.412:ERROR:process_memory_win.cc(73)] ReadMemory at 0x8b4f3d000 of 6024 bytes failed: Only part of a ReadProcessMemory or WriteProcessMemory request was completed. (0x12B)
[0516/163420.412:ERROR:process_memory_win.cc(73)] ReadMemory at 0x8b4f3f000 of 6024 bytes failed: Only part of a ReadProcessMemory or WriteProcessMemory request was completed. (0x12B)
[0516/163420.412:ERROR:process_memory_win.cc(73)] ReadMemory at 0x8b4f41000 of 6024 bytes failed: Only part of a ReadProcessMemory or WriteProcessMemory request was completed. (0x12B)
[0516/163420.412:ERROR:process_memory_win.cc(73)] ReadMemory at 0x6c0804028d of 512 bytes failed: Only part of a ReadProcessMemory or WriteProcessMemory request was completed. (0x12B)
[0516/163420.412:ERROR:process_memory_win.cc(73)] ReadMemory at 0x6c08092c25 of 512 bytes failed: Only part of a ReadProcessMemory or WriteProcessMemory request was completed. (0x12B)
[0516/163420.413:ERROR:process_memory_win.cc(73)] ReadMemory at 0x1cf429c0fe0 of 4866 bytes failed: Only part of a ReadProcessMemory or WriteProcessMemory request was completed. (0x12B)
[0516/163420.413:ERROR:process_memory_win.cc(73)] ReadMemory at 0x1cf429c22f0 of 1012 bytes failed: Only part of a ReadProcessMemory or WriteProcessMemory request was completed. (0x12B)
[0516/163420.413:ERROR:process_memory_win.cc(73)] ReadMemory at 0x1cf429c2938 of 118 bytes failed: Only part of a ReadProcessMemory or WriteProcessMemory request was completed. (0x12B)
[0516/163420.413:ERROR:process_memory_win.cc(73)] ReadMemory at 0x1cf429c29b0 of 1256 bytes failed: Only part of a ReadProcessMemory or WriteProcessMemory request was completed. (0x12B)
[0516/163420.413:ERROR:process_memory_win.cc(73)] ReadMemory at 0x1cf429c2e9a of 118 bytes failed: Only part of a ReadProcessMemory or WriteProcessMemory request was completed. (0x12B)
[0516/163420.413:ERROR:process_memory_win.cc(73)] ReadMemory at 0x1cf429c2f12 of 100 bytes failed: Only part of a ReadProcessMemory or WriteProcessMemory request was completed. (0x12B)
[0516/163420.413:ERROR:process_memory_win.cc(73)] ReadMemory at 0x1cf429c2f90 of 58 bytes failed: Only part of a ReadProcessMemory or WriteProcessMemory request was completed. (0x12B)
[0516/163420.413:ERROR:process_memory_win.cc(73)] ReadMemory at 0x1cf429c3090 of 132 bytes failed: Only part of a ReadProcessMemory or WriteProcessMemory request was completed. (0x12B)
[0516/163420.413:ERROR:process_memory_win.cc(73)] ReadMemory at 0x1cf429c3220 of 132 bytes failed: Only part of a ReadProcessMemory or WriteProcessMemory request was completed. (0x12B)
[0516/163420.414:ERROR:process_memory_win.cc(73)] ReadMemory at 0x1cf429c33e0 of 126 bytes failed: Only part of a ReadProcessMemory or WriteProcessMemory request was completed. (0x12B)
[0516/163420.414:ERROR:process_memory_win.cc(73)] ReadMemory at 0x1cf429c37c0 of 132 bytes failed: Only part of a ReadProcessMemory or WriteProcessMemory request was completed. (0x12B)
[0516/163420.414:ERROR:process_memory_win.cc(73)] ReadMemory at 0x1cf429c3950 of 64 bytes failed: Only part of a ReadProcessMemory or WriteProcessMemory request was completed. (0x12B)
[0516/163420.414:ERROR:process_memory_win.cc(73)] ReadMemory at 0x1cf429c3b10 of 132 bytes failed: Only part of a ReadProcessMemory or WriteProcessMemory request was completed. (0x12B)
[0516/163420.414:ERROR:process_memory_win.cc(73)] ReadMemory at 0x1cf429c3db0 of 132 bytes failed: Only part of a ReadProcessMemory or WriteProcessMemory request was completed. (0x12B)
[0516/163420.414:ERROR:process_memory_win.cc(73)] ReadMemory at 0x1cf429c3f40 of 68 bytes failed: Only part of a ReadProcessMemory or WriteProcessMemory request was completed. (0x12B)
[0516/163420.414:ERROR:process_memory_win.cc(73)] ReadMemory at 0x1cf429c5030 of 146 bytes failed: Only part of a ReadProcessMemory or WriteProcessMemory request was completed. (0x12B)
[0516/163420.414:ERROR:process_memory_win.cc(73)] ReadMemory at 0x1cf429c5110 of 132 bytes failed: Only part of a ReadProcessMemory or WriteProcessMemory request was completed. (0x12B)
[0516/163420.414:ERROR:process_memory_win.cc(73)] ReadMemory at 0x1cf429c52a0 of 154 bytes failed: Only part of a ReadProcessMemory or WriteProcessMemory request was completed. (0x12B)
[0516/163420.415:ERROR:process_memory_win.cc(73)] ReadMemory at 0x1cf429c5fe0 of 132 bytes failed: Only part of a ReadProcessMemory or WriteProcessMemory request was completed. (0x12B)
[0516/163420.415:ERROR:process_memory_win.cc(73)] ReadMemory at 0x1cf429c63c0 of 132 bytes failed: Only part of a ReadProcessMemory or WriteProcessMemory request was completed. (0x12B)
[0516/163420.415:ERROR:process_memory_win.cc(73)] ReadMemory at 0x1cf429c6ca0 of 60 bytes failed: Only part of a ReadProcessMemory or WriteProcessMemory request was completed. (0x12B)
[0516/163420.415:ERROR:process_memory_win.cc(73)] ReadMemory at 0x1cf429c6cf0 of 62 bytes failed: Only part of a ReadProcessMemory or WriteProcessMemory request was completed. (0x12B)
[0516/163420.415:ERROR:process_memory_win.cc(73)] ReadMemory at 0x1cf429c6d40 of 132 bytes failed: Only part of a ReadProcessMemory or WriteProcessMemory request was completed. (0x12B)
[0516/163420.415:ERROR:process_memory_win.cc(73)] ReadMemory at 0x1cf429c6e70 of 132 bytes failed: Only part of a ReadProcessMemory or WriteProcessMemory request was completed. (0x12B)
[0516/163420.415:ERROR:process_memory_win.cc(73)] ReadMemory at 0x1cf429c8610 of 132 bytes failed: Only part of a ReadProcessMemory or WriteProcessMemory request was completed. (0x12B)
[0516/163420.415:ERROR:process_memory_win.cc(73)] ReadMemory at 0x1cf429c8760 of 132 bytes failed: Only part of a ReadProcessMemory or WriteProcessMemory request was completed. (0x12B)
[0516/163420.415:ERROR:process_memory_win.cc(73)] ReadMemory at 0x1cf429c88f0 of 80 bytes failed: Only part of a ReadProcessMemory or WriteProcessMemory request was completed. (0x12B)
[0516/163420.416:ERROR:process_memory_win.cc(73)] ReadMemory at 0x1cf429cae60 of 62 bytes failed: Only part of a ReadProcessMemory or WriteProcessMemory request was completed. (0x12B)
[0516/163420.416:ERROR:process_memory_win.cc(73)] ReadMemory at 0x1cf429cafa0 of 60 bytes failed: Only part of a ReadProcessMemory or WriteProcessMemory request was completed. (0x12B)
[0516/163420.416:ERROR:process_memory_win.cc(73)] ReadMemory at 0x1cf429cb090 of 60 bytes failed: Only part of a ReadProcessMemory or WriteProcessMemory request was completed. (0x12B)
[0516/163420.416:ERROR:process_memory_win.cc(73)] ReadMemory at 0x1cf429cb180 of 64 bytes failed: Only part of a ReadProcessMemory or WriteProcessMemory request was completed. (0x12B)
[0516/163420.416:ERROR:process_memory_win.cc(73)] ReadMemory at 0x1cf429cb1d0 of 66 bytes failed: Only part of a ReadProcessMemory or WriteProcessMemory request was completed. (0x12B)
[0516/163420.416:ERROR:process_memory_win.cc(73)] ReadMemory at 0x1cf429cb220 of 64 bytes failed: Only part of a ReadProcessMemory or WriteProcessMemory request was completed. (0x12B)
[0516/163420.416:ERROR:process_memory_win.cc(73)] ReadMemory at 0x1cf429cb270 of 64 bytes failed: Only part of a ReadProcessMemory or WriteProcessMemory request was completed. (0x12B)
[0516/163420.416:ERROR:process_memory_win.cc(73)] ReadMemory at 0x1cf429cb2c0 of 62 bytes failed: Only part of a ReadProcessMemory or WriteProcessMemory request was completed. (0x12B)
[0516/163420.416:ERROR:process_memory_win.cc(73)] ReadMemory at 0x1cf429cb540 of 64 bytes failed: Only part of a ReadProcessMemory or WriteProcessMemory request was completed. (0x12B)
[0516/163420.416:ERROR:process_memory_win.cc(73)] ReadMemory at 0x1cf429cc280 of 132 bytes failed: Only part of a ReadProcessMemory or WriteProcessMemory request was completed. (0x12B)
[0516/163420.416:ERROR:process_memory_win.cc(73)] ReadMemory at 0x1cf429cc4e0 of 132 bytes failed: Only part of a ReadProcessMemory or WriteProcessMemory request was completed. (0x12B)
[0516/163420.417:ERROR:process_memory_win.cc(73)] ReadMemory at 0x1cf429cc610 of 132 bytes failed: Only part of a ReadProcessMemory or WriteProcessMemory request was completed. (0x12B)
[0516/163420.417:ERROR:process_memory_win.cc(73)] ReadMemory at 0x1cf429cc740 of 132 bytes failed: Only part of a ReadProcessMemory or WriteProcessMemory request was completed. (0x12B)
[0516/163420.417:ERROR:process_memory_win.cc(73)] ReadMemory at 0x1cf429cc870 of 132 bytes failed: Only part of a ReadProcessMemory or WriteProcessMemory request was completed. (0x12B)
[0516/163420.417:ERROR:process_memory_win.cc(73)] ReadMemory at 0x1cf429cc9a0 of 132 bytes failed: Only part of a ReadProcessMemory or WriteProcessMemory request was completed. (0x12B)
[0516/163420.417:ERROR:process_memory_win.cc(73)] ReadMemory at 0x1cf429ccad0 of 132 bytes failed: Only part of a ReadProcessMemory or WriteProcessMemory request was completed. (0x12B)
[0516/163420.417:ERROR:process_memory_win.cc(73)] ReadMemory at 0x1cf429ccc00 of 132 bytes failed: Only part of a ReadProcessMemory or WriteProcessMemory request was completed. (0x12B)
[0516/163420.417:ERROR:process_memory_win.cc(73)] ReadMemory at 0x1cf429ccd30 of 132 bytes failed: Only part of a ReadProcessMemory or WriteProcessMemory request was completed. (0x12B)
[0516/163420.417:ERROR:process_memory_win.cc(73)] ReadMemory at 0x1cf429cce60 of 132 bytes failed: Only part of a ReadProcessMemory or WriteProcessMemory request was completed. (0x12B)
[0516/163420.417:ERROR:process_memory_win.cc(73)] ReadMemory at 0x1cf429ccf90 of 132 bytes failed: Only part of a ReadProcessMemory or WriteProcessMemory request was completed. (0x12B)
[0516/163420.417:ERROR:process_memory_win.cc(73)] ReadMemory at 0x1cf429cd0c0 of 132 bytes failed: Only part of a ReadProcessMemory or WriteProcessMemory request was completed. (0x12B)
[0516/163420.418:ERROR:process_memory_win.cc(73)] ReadMemory at 0x1cf429ce740 of 132 bytes failed: Only part of a ReadProcessMemory or WriteProcessMemory request was completed. (0x12B)
[0516/163420.418:ERROR:process_memory_win.cc(73)] ReadMemory at 0x1cf429cf180 of 132 bytes failed: Only part of a ReadProcessMemory or WriteProcessMemory request was completed. (0x12B)
[0516/163420.418:ERROR:process_memory_win.cc(73)] ReadMemory at 0x1cf429cf4e0 of 132 bytes failed: Only part of a ReadProcessMemory or WriteProcessMemory request was completed. (0x12B)
[0516/163420.418:ERROR:process_memory_win.cc(73)] ReadMemory at 0x1cf429d0390 of 132 bytes failed: Only part of a ReadProcessMemory or WriteProcessMemory request was completed. (0x12B)
[0516/163420.418:ERROR:process_memory_win.cc(73)] ReadMemory at 0x1cf429d4310 of 54 bytes failed: Only part of a ReadProcessMemory or WriteProcessMemory request was completed. (0x12B)
[0516/163420.418:ERROR:process_memory_win.cc(73)] ReadMemory at 0x1cf429d4e60 of 132 bytes failed: Only part of a ReadProcessMemory or WriteProcessMemory request was completed. (0x12B)
[0516/163420.418:ERROR:process_memory_win.cc(73)] ReadMemory at 0x1cf429d5100 of 80 bytes failed: Only part of a ReadProcessMemory or WriteProcessMemory request was completed. (0x12B)
[0516/163420.418:ERROR:process_memory_win.cc(73)] ReadMemory at 0x1cf429d5b80 of 76 bytes failed: Only part of a ReadProcessMemory or WriteProcessMemory request was completed. (0x12B)
[0516/163420.418:ERROR:process_memory_win.cc(73)] ReadMemory at 0x1cf429d5d00 of 78 bytes failed: Only part of a ReadProcessMemory or WriteProcessMemory request was completed. (0x12B)
[0516/163420.418:ERROR:process_memory_win.cc(73)] ReadMemory at 0x1cf429d6040 of 64 bytes failed: Only part of a ReadProcessMemory or WriteProcessMemory request was completed. (0x12B)
[0516/163420.418:ERROR:process_memory_win.cc(73)] ReadMemory at 0x1cf429d6090 of 62 bytes failed: Only part of a ReadProcessMemory or WriteProcessMemory request was completed. (0x12B)
[0516/163420.419:ERROR:process_memory_win.cc(73)] ReadMemory at 0x1cf429d6130 of 62 bytes failed: Only part of a ReadProcessMemory or WriteProcessMemory request was completed. (0x12B)
[0516/163420.419:ERROR:process_memory_win.cc(73)] ReadMemory at 0x1cf429d6180 of 60 bytes failed: Only part of a ReadProcessMemory or WriteProcessMemory request was completed. (0x12B)
[0516/163420.419:ERROR:process_memory_win.cc(73)] ReadMemory at 0x1cf429d62c0 of 64 bytes failed: Only part of a ReadProcessMemory or WriteProcessMemory request was completed. (0x12B)
[0516/163420.419:ERROR:process_memory_win.cc(73)] ReadMemory at 0x1cf429d63b0 of 62 bytes failed: Only part of a ReadProcessMemory or WriteProcessMemory request was completed. (0x12B)
[0516/163420.419:ERROR:process_memory_win.cc(73)] ReadMemory at 0x1cf429d6540 of 60 bytes failed: Only part of a ReadProcessMemory or WriteProcessMemory request was completed. (0x12B)
[0516/163420.419:ERROR:process_memory_win.cc(73)] ReadMemory at 0x1cf429d6630 of 62 bytes failed: Only part of a ReadProcessMemory or WriteProcessMemory request was completed. (0x12B)
[0516/163420.419:ERROR:process_memory_win.cc(73)] ReadMemory at 0x1cf429d6680 of 64 bytes failed: Only part of a ReadProcessMemory or WriteProcessMemory request was completed. (0x12B)
[0516/163420.419:ERROR:process_memory_win.cc(73)] ReadMemory at 0x1cf429d66d0 of 58 bytes failed: Only part of a ReadProcessMemory or WriteProcessMemory request was completed. (0x12B)
[0516/163420.419:ERROR:process_memory_win.cc(73)] ReadMemory at 0x1cf429d69a0 of 60 bytes failed: Only part of a ReadProcessMemory or WriteProcessMemory request was completed. (0x12B)
[0516/163420.420:ERROR:process_memory_win.cc(73)] ReadMemory at 0x1cf429d6a40 of 64 bytes failed: Only part of a ReadProcessMemory or WriteProcessMemory request was completed. (0x12B)
[0516/163420.420:ERROR:process_memory_win.cc(73)] ReadMemory at 0x1cf429d6a90 of 66 bytes failed: Only part of a ReadProcessMemory or WriteProcessMemory request was completed. (0x12B)
[0516/163420.420:ERROR:process_memory_win.cc(73)] ReadMemory at 0x1cf429d6bd0 of 62 bytes failed: Only part of a ReadProcessMemory or WriteProcessMemory request was completed. (0x12B)
[0516/163420.420:ERROR:process_memory_win.cc(73)] ReadMemory at 0x1cf429d6d10 of 62 bytes failed: Only part of a ReadProcessMemory or WriteProcessMemory request was completed. (0x12B)
[0516/163420.420:ERROR:process_memory_win.cc(73)] ReadMemory at 0x1cf429d6db0 of 60 bytes failed: Only part of a ReadProcessMemory or WriteProcessMemory request was completed. (0x12B)
[0516/163420.420:ERROR:process_memory_win.cc(73)] ReadMemory at 0x1cf429d6e00 of 62 bytes failed: Only part of a ReadProcessMemory or WriteProcessMemory request was completed. (0x12B)
[0516/163420.420:ERROR:process_memory_win.cc(73)] ReadMemory at 0x1cf429d6ea0 of 64 bytes failed: Only part of a ReadProcessMemory or WriteProcessMemory request was completed. (0x12B)
[0516/163420.420:ERROR:process_memory_win.cc(73)] ReadMemory at 0x1cf429d6ef0 of 62 bytes failed: Only part of a ReadProcessMemory or WriteProcessMemory request was completed. (0x12B)
[0516/163420.421:ERROR:process_memory_win.cc(73)] ReadMemory at 0x1cf429d6f40 of 62 bytes failed: Only part of a ReadProcessMemory or WriteProcessMemory request was completed. (0x12B)
[0516/163420.421:ERROR:process_memory_win.cc(73)] ReadMemory at 0x1cf429d7000 of 132 bytes failed: Only part of a ReadProcessMemory or WriteProcessMemory request was completed. (0x12B)
[0516/163420.421:ERROR:process_memory_win.cc(73)] ReadMemory at 0x1cf429d7130 of 132 bytes failed: Only part of a ReadProcessMemory or WriteProcessMemory request was completed. (0x12B)
[0516/163420.421:ERROR:process_memory_win.cc(73)] ReadMemory at 0x1cf429d7260 of 132 bytes failed: Only part of a ReadProcessMemory or WriteProcessMemory request was completed. (0x12B)
[0516/163420.421:ERROR:process_memory_win.cc(73)] ReadMemory at 0x1cf429d75f0 of 132 bytes failed: Only part of a ReadProcessMemory or WriteProcessMemory request was completed. (0x12B)
[0516/163420.421:ERROR:process_memory_win.cc(73)] ReadMemory at 0x1cf429d7980 of 132 bytes failed: Only part of a ReadProcessMemory or WriteProcessMemory request was completed. (0x12B)
[0516/163420.421:ERROR:process_memory_win.cc(73)] ReadMemory at 0x1cf429d7ab0 of 132 bytes failed: Only part of a ReadProcessMemory or WriteProcessMemory request was completed. (0x12B)
[0516/163420.421:ERROR:process_memory_win.cc(73)] ReadMemory at 0x1cf429d7be0 of 132 bytes failed: Only part of a ReadProcessMemory or WriteProcessMemory request was completed. (0x12B)
[0516/163420.421:ERROR:process_memory_win.cc(73)] ReadMemory at 0x1cf429d7d10 of 132 bytes failed: Only part of a ReadProcessMemory or WriteProcessMemory request was completed. (0x12B)
[0516/163420.422:ERROR:process_memory_win.cc(73)] ReadMemory at 0x1cf429d7e40 of 132 bytes failed: Only part of a ReadProcessMemory or WriteProcessMemory request was completed. (0x12B)
[0516/163420.422:ERROR:process_memory_win.cc(73)] ReadMemory at 0x1cf429d7f70 of 132 bytes failed: Only part of a ReadProcessMemory or WriteProcessMemory request was completed. (0x12B)
[0516/163420.422:ERROR:process_memory_win.cc(73)] ReadMemory at 0x1cf429d81d0 of 132 bytes failed: Only part of a ReadProcessMemory or WriteProcessMemory request was completed. (0x12B)
[0516/163420.422:ERROR:process_memory_win.cc(73)] ReadMemory at 0x1cf429d8300 of 132 bytes failed: Only part of a ReadProcessMemory or WriteProcessMemory request was completed. (0x12B)
[0516/163420.422:ERROR:process_memory_win.cc(73)] ReadMemory at 0x1cf429d8430 of 132 bytes failed: Only part of a ReadProcessMemory or WriteProcessMemory request was completed. (0x12B)
[0516/163420.422:ERROR:process_memory_win.cc(73)] ReadMemory at 0x1cf429d8560 of 132 bytes failed: Only part of a ReadProcessMemory or WriteProcessMemory request was completed. (0x12B)
[0516/163420.422:ERROR:process_memory_win.cc(73)] ReadMemory at 0x1cf429d8690 of 132 bytes failed: Only part of a ReadProcessMemory or WriteProcessMemory request was completed. (0x12B)
[0516/163420.423:ERROR:process_memory_win.cc(73)] ReadMemory at 0x1cf429d87c0 of 132 bytes failed: Only part of a ReadProcessMemory or WriteProcessMemory request was completed. (0x12B)
[0516/163420.423:ERROR:process_memory_win.cc(73)] ReadMemory at 0x1cf429d88f0 of 132 bytes failed: Only part of a ReadProcessMemory or WriteProcessMemory request was completed. (0x12B)
[0516/163420.423:ERROR:process_memory_win.cc(73)] ReadMemory at 0x1cf429d8a20 of 132 bytes failed: Only part of a ReadProcessMemory or WriteProcessMemory request was completed. (0x12B)
[0516/163420.423:ERROR:process_memory_win.cc(73)] ReadMemory at 0x1cf429d8b50 of 132 bytes failed: Only part of a ReadProcessMemory or WriteProcessMemory request was completed. (0x12B)
[0516/163420.423:ERROR:process_memory_win.cc(73)] ReadMemory at 0x1cf429d8c80 of 132 bytes failed: Only part of a ReadProcessMemory or WriteProcessMemory request was completed. (0x12B)
[0516/163420.424:ERROR:process_memory_win.cc(73)] ReadMemory at 0x1cf429d8db0 of 132 bytes failed: Only part of a ReadProcessMemory or WriteProcessMemory request was completed. (0x12B)
[0516/163420.424:ERROR:process_memory_win.cc(73)] ReadMemory at 0x1cf429eabd0 of 60 bytes failed: Only part of a ReadProcessMemory or WriteProcessMemory request was completed. (0x12B)
[0516/163420.424:ERROR:process_memory_win.cc(73)] ReadMemory at 0x1cf429eb120 of 62 bytes failed: Only part of a ReadProcessMemory or WriteProcessMemory request was completed. (0x12B)
[0516/163420.424:ERROR:process_memory_win.cc(73)] ReadMemory at 0x1cf429eb170 of 66 bytes failed: Only part of a ReadProcessMemory or WriteProcessMemory request was completed. (0x12B)
[0516/163420.424:ERROR:process_memory_win.cc(73)] ReadMemory at 0x1cf429eb620 of 58 bytes failed: Only part of a ReadProcessMemory or WriteProcessMemory request was completed. (0x12B)
[0516/163420.424:ERROR:process_memory_win.cc(73)] ReadMemory at 0x1cf429eb670 of 58 bytes failed: Only part of a ReadProcessMemory or WriteProcessMemory request was completed. (0x12B)
[0516/163420.424:ERROR:process_memory_win.cc(73)] ReadMemory at 0x1cf429eb8f0 of 58 bytes failed: Only part of a ReadProcessMemory or WriteProcessMemory request was completed. (0x12B)
[0516/163420.424:ERROR:process_memory_win.cc(73)] ReadMemory at 0x1cf429eb990 of 60 bytes failed: Only part of a ReadProcessMemory or WriteProcessMemory request was completed. (0x12B)
[0516/163420.424:ERROR:process_memory_win.cc(73)] ReadMemory at 0x1cf429eba80 of 62 bytes failed: Only part of a ReadProcessMemory or WriteProcessMemory request was completed. (0x12B)
[0516/163420.425:ERROR:process_memory_win.cc(73)] ReadMemory at 0x1cf429efca0 of 512 bytes failed: Only part of a ReadProcessMemory or WriteProcessMemory request was completed. (0x12B)
[0516/163420.425:ERROR:process_memory_win.cc(73)] ReadMemory at 0x1cf429f81f0 of 512 bytes failed: Only part of a ReadProcessMemory or WriteProcessMemory request was completed. (0x12B)
[0516/163420.425:ERROR:process_memory_win.cc(73)] ReadMemory at 0x1cf4322a2e0 of 512 bytes failed: Only part of a ReadProcessMemory or WriteProcessMemory request was completed. (0x12B)
[0516/163420.425:ERROR:process_memory_win.cc(73)] ReadMemory at 0x1cf43235a00 of 512 bytes failed: Only part of a ReadProcessMemory or WriteProcessMemory request was completed. (0x12B)
[0516/163420.425:ERROR:process_memory_win.cc(73)] ReadMemory at 0x1cf43235fa0 of 512 bytes failed: Only part of a ReadProcessMemory or WriteProcessMemory request was completed. (0x12B)
[0516/163420.425:ERROR:process_memory_win.cc(73)] ReadMemory at 0x1cf4324d550 of 800 bytes failed: Only part of a ReadProcessMemory or WriteProcessMemory request was completed. (0x12B)
[0516/163420.425:ERROR:process_memory_win.cc(73)] ReadMemory at 0x1cf4325bdf0 of 512 bytes failed: Only part of a ReadProcessMemory or WriteProcessMemory request was completed. (0x12B)
[0516/163420.425:ERROR:process_memory_win.cc(73)] ReadMemory at 0x1cf44a40000 of 384 bytes failed: Only part of a ReadProcessMemory or WriteProcessMemory request was completed. (0x12B)
[0516/163420.426:ERROR:process_memory_win.cc(73)] ReadMemory at 0x1cf44a41620 of 512 bytes failed: Only part of a ReadProcessMemory or WriteProcessMemory request was completed. (0x12B)
[0516/163420.427:ERROR:process_memory_win.cc(73)] ReadMemory at 0x1cf44afdc20 of 512 bytes failed: Only part of a ReadProcessMemory or WriteProcessMemory request was completed. (0x12B)
[0516/163420.427:ERROR:process_memory_win.cc(73)] ReadMemory at 0x1cf44b8fd50 of 512 bytes failed: Only part of a ReadProcessMemory or WriteProcessMemory request was completed. (0x12B)
[0516/163420.427:ERROR:process_memory_win.cc(73)] ReadMemory at 0x1cf4544a180 of 512 bytes failed: Only part of a ReadProcessMemory or WriteProcessMemory request was completed. (0x12B)
[0516/163420.427:ERROR:process_memory_win.cc(73)] ReadMemory at 0x1cf45479da0 of 512 bytes failed: Only part of a ReadProcessMemory or WriteProcessMemory request was completed. (0x12B)
[0516/163420.427:ERROR:process_memory_win.cc(73)] ReadMemory at 0x1cf46899650 of 512 bytes failed: Only part of a ReadProcessMemory or WriteProcessMemory request was completed. (0x12B)
[0516/163420.427:ERROR:process_memory_win.cc(73)] ReadMemory at 0x1cf469740c0 of 512 bytes failed: Only part of a ReadProcessMemory or WriteProcessMemory request was completed. (0x12B)
[0516/163420.427:ERROR:process_memory_win.cc(73)] ReadMemory at 0x1cf469949d0 of 512 bytes failed: Only part of a ReadProcessMemory or WriteProcessMemory request was completed. (0x12B)
[0516/163420.428:ERROR:process_memory_win.cc(73)] ReadMemory at 0x1cf4761d890 of 512 bytes failed: Only part of a ReadProcessMemory or WriteProcessMemory request was completed. (0x12B)
[0516/163420.428:ERROR:process_memory_win.cc(73)] ReadMemory at 0x2c850804016d of 512 bytes failed: Only part of a ReadProcessMemory or WriteProcessMemory request was completed. (0x12B)
[0516/163420.428:ERROR:process_memory_win.cc(73)] ReadMemory at 0x2c85080412bc of 512 bytes failed: Only part of a ReadProcessMemory or WriteProcessMemory request was completed. (0x12B)
[0516/163420.430:ERROR:scoped_process_suspend.cc(40)] NtResumeProcess: An attempt was made to access an exiting process. (0xc000010a)
